
2024-09-16 15:57:31 - INFO - Запрос получен, метод: GET
2024-09-16 15:57:31 - INFO - Текущий access_token действителен
2024-09-16 15:57:35 - INFO - Запрос получен, метод: POST
2024-09-16 15:57:35 - INFO - Выбраны ключевые слова: ['Сдача офиса']
2024-09-16 15:57:35 - INFO - Парсинг страницы 1: https://www.avito.ru/rossiya/nedvizhimost?q=Сдача офиса&p=1
2024-09-16 15:57:35 - INFO - Задержка между запросами: 3.44 секунд
2024-09-16 15:57:38 - DEBUG - Starting new HTTPS connection (1): www.avito.ru:443
2024-09-16 15:57:40 - DEBUG - https://www.avito.ru:443 "GET /rossiya/nedvizhimost?q=%D0%A1%D0%B4%D0%B0%D1%87%D0%B0%20%D0%BE%D1%84%D0%B8%D1%81%D0%B0&p=1 HTTP/11" 301 115
2024-09-16 15:57:43 - DEBUG - https://www.avito.ru:443 "GET /all/nedvizhimost?q=%D0%A1%D0%B4%D0%B0%D1%87%D0%B0+%D0%BE%D1%84%D0%B8%D1%81%D0%B0 HTTP/11" 200 None
2024-09-16 15:57:43 - INFO - Достигнуто максимальное количество объявлений
2024-09-16 17:58:14 - INFO - Запрос получен, метод: GET
2024-09-16 17:58:14 - INFO - Текущий access_token действителен
2024-09-16 17:58:19 - INFO - Запрос получен, метод: POST
2024-09-16 17:58:19 - INFO - Выбраны ключевые слова: ['Коммерческая недвижимость']
2024-09-16 17:58:19 - INFO - Парсинг страницы 1: https://www.avito.ru/rossiya/nedvizhimost?q=Коммерческая недвижимость&p=1
2024-09-16 17:58:19 - INFO - Задержка между запросами: 3.39 секунд
2024-09-16 17:58:23 - DEBUG - Starting new HTTPS connection (1): www.avito.ru:443
2024-09-16 17:58:23 - DEBUG - https://www.avito.ru:443 "GET /rossiya/nedvizhimost?q=%D0%9A%D0%BE%D0%BC%D0%BC%D0%B5%D1%80%D1%87%D0%B5%D1%81%D0%BA%D0%B0%D1%8F%20%D0%BD%D0%B5%D0%B4%D0%B2%D0%B8%D0%B6%D0%B8%D0%BC%D0%BE%D1%81%D1%82%D1%8C&p=1 HTTP/11" 301 199
2024-09-16 17:58:25 - DEBUG - https://www.avito.ru:443 "GET /all/nedvizhimost?q=%D0%9A%D0%BE%D0%BC%D0%BC%D0%B5%D1%80%D1%87%D0%B5%D1%81%D0%BA%D0%B0%D1%8F+%D0%BD%D0%B5%D0%B4%D0%B2%D0%B8%D0%B6%D0%B8%D0%BC%D0%BE%D1%81%D1%82%D1%8C HTTP/11" 200 None
2024-09-16 17:58:26 - INFO - Достигнуто максимальное количество объявлений
